[debug] [2022-12-17T17:03:25.607Z] ----------------------------------------------------------------------
[debug] [2022-12-17T17:03:25.609Z] Command:       C:\Program Files\nodejs\node.exe C:\Users\HP\AppData\Roaming\npm\node_modules\firebase-tools\lib\bin\firebase.js init
[debug] [2022-12-17T17:03:25.609Z] CLI Version:   11.14.4
[debug] [2022-12-17T17:03:25.609Z] Platform:      win32
[debug] [2022-12-17T17:03:25.609Z] Node Version:  v16.13.1
[debug] [2022-12-17T17:03:25.610Z] Time:          Sat Dec 17 2022 23:03:25 GMT+0600 (Bangladesh Standard Time)
[debug] [2022-12-17T17:03:25.610Z] ----------------------------------------------------------------------
[debug] 
[debug] [2022-12-17T17:03:25.616Z] > command requires scopes: ["email","openid","https://www.googleapis.com/auth/cloudplatformprojects.readonly","https://www.googleapis.com/auth/firebase","https://www.googleapis.com/auth/cloud-platform"]
[debug] [2022-12-17T17:03:25.617Z] > authorizing via signed-in user (legalexbox22@gmail.com)
[info] 
     ######## #### ########  ######## ########     ###     ######  ########
     ##        ##  ##     ## ##       ##     ##  ##   ##  ##       ##
     ######    ##  ########  ######   ########  #########  ######  ######
     ##        ##  ##    ##  ##       ##     ## ##     ##       ## ##
     ##       #### ##     ## ######## ########  ##     ##  ######  ########

You're about to initialize a Firebase project in this directory:

  C:\Programming\legalexbox

Before we get started, keep in mind:

  * You are currently outside your home directory

